<?xml version="1.0" encoding="UTF-8"?>
<testsuite xmlns:xsi="http://www.w3.org/2001/XMLSchema-instance" xsi:noNamespaceSchemaLocation="https://maven.apache.org/surefire/maven-surefire-plugin/xsd/surefire-test-report-3.0.xsd" version="3.0" name="de.automation.automation.AutomationApplicationTests" time="27.206" tests="1" errors="0" skipped="0" failures="0">
  <properties>
[...]
</properties>
  <testcase name="contextLoads" classname="de.automation.automation.AutomationApplicationTests" time="13.521">
    <system-out><![CDATA[04:46:08.812 [main] INFO org.springframework.test.context.support.AnnotationConfigContextLoaderUtils -- Could not detect default configuration classes for test class [de.automation.automation.AutomationApplicationTests]: AutomationApplicationTests does not declare any static, non-private, non-final, nested classes annotated with @Configuration.
04:46:09.487 [main] INFO org.springframework.boot.test.context.SpringBootTestContextBootstrapper -- Found @SpringBootConfiguration de.automation.automation.AutomationApplication for test class de.automation.automation.AutomationApplicationTests
  .   ____          _            __ _ _
 /\\ / ___'_ __ _ _(_)_ __  __ _ \ \ \ \
( ( )\___ | '_ | '_| | '_ \/ _` | \ \ \ \
 \\/  ___)| |_)| | | | | || (_| |  ) ) ) )
  '  |____| .__|_| |_|_| |_\__, | / / / /
 =========|_|==============|___/=/_/_/_/

 :: Spring Boot ::                (v3.3.0)

2024-06-09T04:46:12.069+02:00  INFO 36456 --- [automation] [           main] d.a.a.AutomationApplicationTests         : Starting AutomationApplicationTests using Java 17.0.3 with PID 36456 (started by mzdih in C:\Users\mzdih\Documents\javaProjekte\automationFollowingTheUdemyCourse)
2024-06-09T04:46:12.075+02:00  INFO 36456 --- [automation] [           main] d.a.a.AutomationApplicationTests         : No active profile set, falling back to 1 default profile: "default"
2024-06-09T04:46:16.374+02:00  INFO 36456 --- [automation] [           main] i.g.bonigarcia.wdm.WebDriverManager      : Using chromedriver 125.0.6422.141 (resolved driver for Chrome 125)
2024-06-09T04:46:16.538+02:00  INFO 36456 --- [automation] [           main] i.g.bonigarcia.wdm.WebDriverManager      : Exporting webdriver.chrome.driver as C:\Users\mzdih\.cache\selenium\chromedriver\win64\125.0.6422.141\chromedriver.exe
2024-06-09T04:46:21.377+02:00  INFO 36456 --- [automation] [           main] d.a.a.AutomationApplicationTests         : Started AutomationApplicationTests in 10.806 seconds (process running for 21.079)
30
]]></system-out>
  </testcase>
</testsuite>